Log started at 09/18/2025 05:05:29 (2025-09-17T20:05:29Z)
No config file at C:\ProgramData\Unreal Engine\UnrealBuildTool\BuildConfiguration.xml
No config file at C:\Users\seonwoo\AppData\Local\Unreal Engine\UnrealBuildTool\BuildConfiguration.xml
No config file at C:\Users\seonwoo\Documents\Unreal Engine\UnrealBuildTool\BuildConfiguration.xml
Configuration will be read from:
  C:\Users\seonwoo\AppData\Roaming\Unreal Engine\UnrealBuildTool\BuildConfiguration.xml
Log file: C:\Users\seonwoo\Desktop\unrealproject\activity_2.01\ActivityFiles\Saved\Logs\UnrealVersionSelector-2025.09.18-05.05.29.log

Setting temp directory to 'C:\Users\seonwoo\AppData\Local\Temp\UnrealBuildTool\f2d894e7'
    Registering build platform: UnrealBuildTool.AndroidPlatformFactory
    Registering build platform: UnrealBuildTool.IOSPlatformFactory
    Registering build platform: UnrealBuildTool.LinuxPlatformFactory
    Registering build platform: UnrealBuildTool.MacPlatformFactory
    Registering build platform: UnrealBuildTool.TVOSPlatformFactory
    Registering build platform: UnrealBuildTool.WindowsPlatformFactory
Found Windows 10 SDK root at C:\Program Files (x86)\Windows Kits\10 (1)
Found Windows 10 SDK root at C:\Program Files (x86)\Windows Kits\10 (2)
Found Windows 10 SDK version 10.0.22621.0 at C:\Program Files (x86)\Windows Kits\10
Found Universal CRT version 10.0.22621.0 at C:\Program Files (x86)\Windows Kits\10
Found Windows 10 SDK version 10.0.26100.0 at C:\Program Files (x86)\Windows Kits\10
Found Universal CRT version 10.0.26100.0 at C:\Program Files (x86)\Windows Kits\10
Win64 Installed SDK(s): MinVersion_Sdk=10.0.19041.0, MaxVersion_Sdk=10.9.99999.0, CurrentVersion_Sdk=10.0.22621.0, Version_AutoSdk=10.0.22621.0, CurrentVersion_AutoSdk=
        Registering build platform: Win64 - buildable: True
    Registering build platform: UnrealBuildTool.VisionOSPlatformFactory
Log file: C:\Users\seonwoo\AppData\Local\UnrealBuildTool\Log_GPF.txt
Deleting old log file: C:\Users\seonwoo\AppData\Local\UnrealBuildTool\Log_GPF-backup-2025.01.23-23.13.53.txt
Resolved project argument C:/Users/seonwoo/Desktop/unrealproject/activity_2.01/ActivityFiles/Activity_Anim.uproject to C:\Users\seonwoo\Desktop\unrealproject\activity_2.01\ActivityFiles\Activity_Anim.uproject
Registering project generator UnrealBuildTool.AndroidProjectGenerator for Android
Skipping project file generator registration for Android due to no valid BuildPlatform.
Registering project generator UnrealBuildTool.IOSProjectGenerator for IOS
Skipping project file generator registration for IOS due to no valid BuildPlatform.
Registering project generator UnrealBuildTool.LinuxProjectGenerator for Linux
Skipping project file generator registration for Linux due to no valid BuildPlatform.
Registering project generator UnrealBuildTool.LinuxProjectGenerator for LinuxArm64
Skipping project file generator registration for LinuxArm64 due to no valid BuildPlatform.
Registering project generator UnrealBuildTool.MacProjectGenerator for Mac
Skipping project file generator registration for Mac due to no valid BuildPlatform.
Registering project generator UnrealBuildTool.TVOSProjectGenerator for TVOS
Skipping project file generator registration for TVOS due to no valid BuildPlatform.
Registering project generator UnrealBuildTool.WindowsProjectGenerator for Win64
Registering project generator UnrealBuildTool.VisionOSProjectGenerator for VisionOS
Skipping project file generator registration for VisionOS due to no valid BuildPlatform.

---   SDK INFO START   ---
---   SDK INFO END   ---


Generating VisualStudio project files:
Discovering modules, targets and source code for project...
Updating C:\Program Files\Epic Games\UE_5.5\Engine\Intermediate\ProjectFiles\PrimaryProjectPath.txt: contents have changed. Saving previous version to C:\Program Files\Epic Games\UE_5.5\Engine\Intermediate\ProjectFiles\PrimaryProjectPath.txt.old.
Found VisualStudio2022 installation: C:\Program Files\Microsoft Visual Studio\2022\Community (Product=Microsoft.VisualStudio.Product.Community, Version=17.14.36511.14)
Found Visual Studio toolchain: C:\Program Files\Microsoft Visual Studio\2022\Community\VC\Tools\MSVC\14.44.35207 (Family=14.44.35207, FamilyRank=1, Version=14.44.35217, Is64Bit=True, ReleaseChannel=Latest, Architecture=x64, Error=False, Redist=C:\Program Files\Microsoft Visual Studio\2022\Community\VC\Redist\MSVC\14.44.35112)
Detected supported platforms: Win64
Skipping C:\Program Files\Epic Games\UE_5.5\Engine\Intermediate\Build\BuildRules\UE5Rules.dll: File is installed
Skipping C:\Program Files\Epic Games\UE_5.5\Engine\Intermediate\Build\BuildRules\UE5ProgramRules.dll: File is installed
Available x64 toolchains (1):
 * C:\Program Files\Microsoft Visual Studio\2022\Community\VC\Tools\MSVC\14.44.35207
    (Family=14.44.35207, FamilyRank=1, Version=14.44.35217, Is64Bit=True, ReleaseChannel=Latest, Architecture=x64)
Visual Studio 2022 compiler version 14.44.35217 is not a preferred version. Please use the latest preferred version 14.38.33130
Generating target Editor for C:\Users\seonwoo\Desktop\unrealproject\activity_2.01\ActivityFiles\Intermediate\ProjectFiles\UE5.vcxproj
Generating target Game for C:\Users\seonwoo\Desktop\unrealproject\activity_2.01\ActivityFiles\Intermediate\ProjectFiles\UE5.vcxproj
Total execution time: 0.54 seconds
System.Text.Json(0): error: JsonReaderException: '0x00' is an invalid start of a value. LineNumber: 0 | BytePositionInLine: 0.
   at System.Text.Json.ThrowHelper.ThrowJsonReaderException(Utf8JsonReader& json, ExceptionResource resource, Byte nextByte, ReadOnlySpan`1 bytes)
   at System.Text.Json.Utf8JsonReader.ConsumeValue(Byte marker)
   at System.Text.Json.Utf8JsonReader.ReadFirstToken(Byte first)
   at System.Text.Json.Utf8JsonReader.ReadSingleSegment()
   at System.Text.Json.Utf8JsonReader.Read()
   at System.Text.Json.JsonDocument.Parse(ReadOnlySpan`1 utf8JsonSpan, JsonReaderOptions readerOptions, MetadataDb& database, StackRowStack& stack)
   at System.Text.Json.JsonDocument.Parse(ReadOnlyMemory`1 utf8Json, JsonReaderOptions readerOptions, Byte[] extraRentedArrayPoolBytes, PooledByteBufferWriter extraPooledByteBufferWriter)
   at System.Text.Json.JsonDocument.Parse(ReadOnlyMemory`1 json, JsonDocumentOptions options)
   at System.Text.Json.JsonDocument.Parse(String json, JsonDocumentOptions options)
   at EpicGames.Core.JsonObject.Parse(String text) in C:\Program Files\Epic Games\UE_5.5\Engine\Source\Programs\Shared\EpicGames.Core\JsonObject.cs:line 289
   at EpicGames.Core.JsonObject.Read(FileReference file) in C:\Program Files\Epic Games\UE_5.5\Engine\Source\Programs\Shared\EpicGames.Core\JsonObject.cs:line 250
   at UnrealBuildTool.DynamicCompilation.RequiresCompilation(IEnumerable`1 SourceFiles, FileReference AssemblyManifestFilePath, FileReference OutputAssemblyPath, ILogger Logger) in C:\Program Files\Epic Games\UE_5.5\Engine\Source\Programs\UnrealBuildTool\System\DynamicCompilation.cs:line 70
   at UnrealBuildTool.DynamicCompilation.CompileAndLoadAssembly(FileReference OutputAssemblyPath, IEnumerable`1 SourceFileNames, ILogger Logger, IEnumerable`1 ReferencedAssembies, IEnumerable`1 PreprocessorDefines, Boolean DoNotCompile, Boolean ForceCompile, Boolean TreatWarningsAsErrors) in C:\Program Files\Epic Games\UE_5.5\Engine\Source\Programs\UnrealBuildTool\System\DynamicCompilation.cs:line 313
   at UnrealBuildTool.RulesAssembly..ctor(RulesScope Scope, IReadOnlyList`1 BaseDirs, IReadOnlyList`1 Plugins, IReadOnlyDictionary`2 ModuleFileToContext, IReadOnlyList`1 TargetFiles, FileReference AssemblyFileName, Boolean bContainsEngineModules, Nullable`1 DefaultBuildSettings, Boolean bReadOnly, Boolean bSkipCompile, Boolean bForceCompile, RulesAssembly Parent, ILogger Logger) in C:\Program Files\Epic Games\UE_5.5\Engine\Source\Programs\UnrealBuildTool\System\RulesAssembly.cs:line 191
   at UnrealBuildTool.RulesCompiler.<>c__DisplayClass9_0.<CreateProjectRulesAssembly>b__0(FileReference _) in C:\Program Files\Epic Games\UE_5.5\Engine\Source\Programs\UnrealBuildTool\System\RulesCompiler.cs:line 332
   at System.Collections.Concurrent.ConcurrentDictionary`2.GetOrAdd(TKey key, Func`2 valueFactory)
   at UnrealBuildTool.RulesCompiler.CreateProjectRulesAssembly(FileReference ProjectFileName, Boolean bUsePrecompiled, Boolean bSkipCompile, Boolean bForceCompile, ILogger Logger) in C:\Program Files\Epic Games\UE_5.5\Engine\Source\Programs\UnrealBuildTool\System\RulesCompiler.cs:line 247
   at UnrealBuildTool.ProjectFileGenerator.AddProjectsForAllTargets(PlatformProjectGeneratorCollection PlatformProjectGenerators, List`1 AllGames, List`1 AllTargetFiles, String[] Arguments, List`1 EngineProjects, List`1 GameProjects, Dictionary`2 ProjectFileToUProjectFile, Dictionary`2 ProgramProjects, Dictionary`2 RulesAssemblies, ILogger Logger) in C:\Program Files\Epic Games\UE_5.5\Engine\Source\Programs\UnrealBuildTool\ProjectFiles\ProjectFileGenerator.cs:line 2791
   at UnrealBuildTool.ProjectFileGenerator.GenerateProjectFiles(PlatformProjectGeneratorCollection PlatformProjectGenerators, String[] Arguments, Boolean bCacheDataForEditor, ILogger Logger) in C:\Program Files\Epic Games\UE_5.5\Engine\Source\Programs\UnrealBuildTool\ProjectFiles\ProjectFileGenerator.cs:line 1048
   at UnrealBuildTool.GenerateProjectFilesMode.ExecuteAsync(CommandLineArguments Arguments, ILogger Logger) in C:\Program Files\Epic Games\UE_5.5\Engine\Source\Programs\UnrealBuildTool\Modes\GenerateProjectFilesMode.cs:line 260
   at UnrealBuildTool.UnrealBuildTool.Main(String[] ArgumentsArray) in C:\Program Files\Epic Games\UE_5.5\Engine\Source\Programs\UnrealBuildTool\UnrealBuildTool.cs:line 687
WriteFileIfChanged() wrote 1 changed files of 2 requested writes.
Timeline:

[ 0.000]
[ 0.000](+0.570) <unknown>
[ 0.570]
